<?xml version="1.0" encoding="UTF-8" standalone="no"?>
<testsuite failures="0" name="cucumber.runtime.formatter.JUnitFormatter" skipped="0" tests="1" time="14.467597">
<testcase classname="Google Homepage" name="Check that main elements on Google Homepage are displayed" time="14.467597">
<system-out><![CDATA[Given I launch Chrome browser...............................................passed
When I open Google Homepage.................................................passed
Then I verify that the page displays "java" search text box.................passed
]]></system-out>
</testcase>
</testsuite>
