<?xml version="1.0" encoding="UTF-8" standalone="no"?>
<testsuite failures="1" name="cucumber.runtime.formatter.JUnitFormatter" skipped="0" tests="2" time="18.939791">
<testcase classname="tages in cucumber" name="open url" time="18.92992">
<system-out><![CDATA[Given verify url test.......................................................passed
]]></system-out>
</testcase>
<testcase classname="tages in cucumber" name="Close browser" time="0.009871">
<failure message="java.lang.NullPointerException&#13;&#10;&#9;at stepDef.TaggingSteps.this_close_browser(TaggingSteps.java:20)&#13;&#10;&#9;at ✽.this close browser(file:/C:/Users/ADMIN/git/repository/Login/src/test/java/LoginFeature/Tagging.feature:9)&#13;&#10;"><![CDATA[Given this close browser....................................................failed

StackTrace:
java.lang.NullPointerException
	at stepDef.TaggingSteps.this_close_browser(TaggingSteps.java:20)
	at ✽.this close browser(file:/C:/Users/ADMIN/git/repository/Login/src/test/java/LoginFeature/Tagging.feature:9)
]]></failure>
</testcase>
</testsuite>
